This is XeTeX, Version 3.14159265-2.6-0.99998 (MiKTeX 2.9.6500 64-bit) (preloaded format=xelatex 2024.4.2)  23 MAY 2024 14:25
entering extended mode
**./InventoryPapersResearchQuestions.tex
(InventoryPapersResearchQuestions.tex
LaTeX2e <2017-04-15>
Babel <3.15> and hyphenation patterns for 75 language(s) loaded.

! LaTeX Error: File `scrartcl.cls' not found.

Type X to quit or <RETURN> to proceed,
or enter new name. (Default extension: cls)

Enter file name: 
! Emergency stop.
<read *> 
         
l.10 ^^M
         
Here is how much of TeX's memory you used:
 13 strings out of 427839
 276 string characters out of 3148381
 60990 words of memory out of 3000000
 4065 multiletter control sequences out of 15000+200000
 3640 words of font info for 14 fonts, out of 3000000 for 9000
 1328 hyphenation exceptions out of 8191
 10i,0n,7p,115b,8s stack positions out of 5000i,500n,10000p,200000b,50000s

No pages of output.
